<?xml version="1.0" encoding="UTF-8"?>
<!-- Generated by org.testng.reporters.JUnitReportReporter -->
<testsuite skipped="0" hostname="MININT-0D9SB2J" name="com.accenture.automatizacion.InstagramAndPinterestTesting" tests="1" failures="0" timestamp="07 jul 2017 14:48:50 GMT" time="94.955" errors="0">
  <testcase name="myInstagramtest" time="94.955" classname="com.accenture.automatizacion.InstagramAndPinterestTesting"/>
</testsuite> <!-- com.accenture.automatizacion.InstagramAndPinterestTesting -->
