<?xml version="1.0" encoding="UTF-8"?>
<!-- Generated by org.testng.reporters.JUnitReportReporter -->
<testsuite skipped="0" hostname="MININT-0D9SB2J" name="com.accenture.automatizacion.InstagramTesting" tests="1" failures="0" timestamp="07 jul 2017 14:21:16 GMT" time="316.295" errors="0">
  <testcase name="mytest" time="316.295" classname="com.accenture.automatizacion.InstagramTesting"/>
</testsuite> <!-- com.accenture.automatizacion.InstagramTesting -->
