<?xml version="1.0" encoding="UTF-8"?>
<!-- Generated by org.testng.reporters.JUnitReportReporter -->
<testsuite skipped="0" hostname="MININT-0D9SB2J" name="com.accenture.automatizacion.InstagramTesting" tests="1" failures="0" timestamp="06 jul 2017 15:05:23 GMT" time="174.381" errors="0">
  <testcase name="mytest" time="174.381" classname="com.accenture.automatizacion.InstagramTesting"/>
</testsuite> <!-- com.accenture.automatizacion.InstagramTesting -->
