<?xml version="1.0" encoding="UTF-8"?>
<!-- Generated by org.testng.reporters.JUnitReportReporter -->
<testsuite skipped="0" hostname="MININT-0D9SB2J" name="com.accenture.automatizacion.InstagramAndPinterestTesting" tests="1" failures="0" timestamp="10 jul 2017 14:07:37 GMT" time="8.013" errors="0">
  <testcase name="myInstagramtest" time="8.013" classname="com.accenture.automatizacion.InstagramAndPinterestTesting"/>
</testsuite> <!-- com.accenture.automatizacion.InstagramAndPinterestTesting -->
